Feb-09 11:54:41.654 [main] DEBUG nextflow.cli.Launcher - $> nextflow run main_unbequant.nf -resume
Feb-09 11:54:41.832 [main] DEBUG nextflow.cli.CmdRun - N E X T F L O W  ~  version 25.10.2
Feb-09 11:54:41.859 [main] DEBUG nextflow.plugin.PluginsFacade - Setting up plugin manager > mode=prod; embedded=false; plugins-dir=/home/vscode/.nextflow/plugins; core-plugins: nf-amazon@3.4.2,nf-azure@1.20.2,nf-cloudcache@0.5.0,nf-codecommit@0.5.0,nf-console@1.3.0,nf-google@1.23.3,nf-k8s@1.2.2,nf-tower@1.17.3,nf-wave@1.16.1
Feb-09 11:54:41.902 [main] INFO  o.pf4j.DefaultPluginStatusProvider - Enabled plugins: []
Feb-09 11:54:41.903 [main] INFO  o.pf4j.DefaultPluginStatusProvider - Disabled plugins: []
Feb-09 11:54:41.905 [main] INFO  org.pf4j.DefaultPluginManager - PF4J version 3.12.0 in 'deployment' mode
Feb-09 11:54:41.925 [main] DEBUG nextflow.util.RetryConfig - Missing nextflow session - using default retry config
Feb-09 11:54:42.254 [main] INFO  org.pf4j.AbstractPluginManager - No plugins
Feb-09 11:54:42.285 [main] DEBUG nextflow.config.ConfigBuilder - Found config local: /workspaces/unbeQuant/nextflow.config
Feb-09 11:54:42.287 [main] DEBUG nextflow.config.ConfigBuilder - Parsing config file: /workspaces/unbeQuant/nextflow.config
Feb-09 11:54:42.314 [main] DEBUG nextflow.config.ConfigBuilder - Applying config profile: `standard`
Feb-09 11:54:42.692 [main] DEBUG nextflow.plugin.PluginsFacade - Plugins default=[]
Feb-09 11:54:42.692 [main] DEBUG nextflow.plugin.PluginsFacade - Plugins resolved requirement=[]
Feb-09 11:54:42.726 [main] DEBUG n.secret.LocalSecretsProvider - Secrets store: /home/vscode/.nextflow/secrets/store.json
Feb-09 11:54:42.730 [main] DEBUG nextflow.secret.SecretsLoader - Discovered secrets providers: [nextflow.secret.LocalSecretsProvider@30f74e79] - activable => nextflow.secret.LocalSecretsProvider@30f74e79
Feb-09 11:54:42.743 [main] DEBUG nextflow.cli.CmdRun - Applied DSL=2 from script declaration
Feb-09 11:54:42.779 [main] DEBUG nextflow.cli.CmdRun - Launching `main_unbequant.nf` [drunk_borg] DSL2 - revision: 957897b55e
Feb-09 11:54:42.872 [main] DEBUG nextflow.Session - Session UUID: e5a4c719-2471-449b-a58d-263e98e442c3
Feb-09 11:54:42.873 [main] DEBUG nextflow.Session - Run name: drunk_borg
Feb-09 11:54:42.873 [main] DEBUG nextflow.Session - Executor pool size: 15
Feb-09 11:54:42.884 [main] DEBUG nextflow.file.FilePorter - File porter settings maxRetries=3; maxTransfers=50; pollTimeout=null
Feb-09 11:54:42.891 [main] DEBUG nextflow.util.ThreadPoolBuilder - Creating thread pool 'FileTransfer' minSize=10; maxSize=45; workQueue=LinkedBlockingQueue[-1]; allowCoreThreadTimeout=false
Feb-09 11:54:42.942 [main] DEBUG nextflow.cli.CmdRun - 
  Version: 25.10.2 build 10555
  Created: 28-11-2025 19:24 UTC 
  System: Linux 6.6.87.2-microsoft-standard-WSL2
  Runtime: Groovy 4.0.28 on OpenJDK 64-Bit Server VM 17.0.17+10-Debian-1deb11u1
  Encoding: UTF-8 (UTF-8)
  Process: 19886@708d3dc2be08 [172.17.0.3]
  CPUs: 15 - Mem: 23.9 GB (19.3 GB) - Swap: 7 GB (7 GB)
Feb-09 11:54:42.988 [main] DEBUG nextflow.Session - Work-dir: /workspaces/unbeQuant/work [ext2/ext3]
Feb-09 11:54:43.019 [main] DEBUG nextflow.executor.ExecutorFactory - Extension executors providers=[]
Feb-09 11:54:43.030 [main] DEBUG nextflow.Session - Observer factory (v2): LinObserverFactory
Feb-09 11:54:43.032 [main] DEBUG nextflow.Session - Observer factory (v2): DefaultObserverFactory
Feb-09 11:54:43.079 [main] DEBUG nextflow.cache.CacheFactory - Using Nextflow cache factory: nextflow.cache.DefaultCacheFactory
Feb-09 11:54:43.099 [main] DEBUG nextflow.util.CustomThreadPool - Creating default thread pool > poolSize: 16; maxThreads: 1000
Feb-09 11:54:43.259 [main] DEBUG nextflow.Session - Session start
Feb-09 11:54:43.523 [main] DEBUG nextflow.script.ScriptRunner - > Launching execution
Feb-09 11:54:44.829 [main] DEBUG nextflow.executor.ExecutorFactory - << taskConfig executor: null
Feb-09 11:54:44.829 [main] DEBUG nextflow.executor.ExecutorFactory - >> processorType: 'local'
Feb-09 11:54:44.839 [main] DEBUG nextflow.executor.Executor - [warm up] executor > local
Feb-09 11:54:44.845 [main] DEBUG n.processor.LocalPollingMonitor - Creating local task monitor for executor 'local' > cpus=15; memory=23.9 GB; capacity=15; pollInterval=100ms; dumpInterval=5m
Feb-09 11:54:44.848 [main] DEBUG n.processor.TaskPollingMonitor - >>> barrier register (monitor: local)
Feb-09 11:54:44.867 [main] DEBUG nextflow.processor.TaskProcessor - Creating process 'main_unbequant:convert_to_mgf:convert_raw_via_thermorawfileparser': maxForks=15; fair=false; array=0
Feb-09 11:54:44.904 [main] DEBUG nextflow.executor.ExecutorFactory - << taskConfig executor: null
Feb-09 11:54:44.905 [main] DEBUG nextflow.executor.ExecutorFactory - >> processorType: 'local'
Feb-09 11:54:44.905 [main] DEBUG nextflow.processor.TaskProcessor - Creating process 'main_unbequant:convert_to_mgf:convert_d_via_alphatims': maxForks=15; fair=false; array=0
Feb-09 11:54:44.922 [main] DEBUG nextflow.executor.ExecutorFactory - << taskConfig executor: null
Feb-09 11:54:44.922 [main] DEBUG nextflow.executor.ExecutorFactory - >> processorType: 'local'
Feb-09 11:54:44.923 [main] DEBUG nextflow.processor.TaskProcessor - Creating process 'main_unbequant:convert_to_mzml:convert_raw_via_thermorawfileparser': maxForks=15; fair=false; array=0
Feb-09 11:54:44.925 [main] DEBUG nextflow.executor.ExecutorFactory - << taskConfig executor: null
Feb-09 11:54:44.926 [main] DEBUG nextflow.executor.ExecutorFactory - >> processorType: 'local'
Feb-09 11:54:44.926 [main] DEBUG nextflow.processor.TaskProcessor - Creating process 'main_unbequant:convert_to_mzml:convert_d_via_tdf2mzml': maxForks=15; fair=false; array=0
Feb-09 11:54:44.944 [main] DEBUG nextflow.executor.ExecutorFactory - << taskConfig executor: null
Feb-09 11:54:44.944 [main] DEBUG nextflow.executor.ExecutorFactory - >> processorType: 'local'
Feb-09 11:54:44.945 [main] DEBUG nextflow.processor.TaskProcessor - Creating process 'main_unbequant:identification_via_comet:comet_search_mgf': maxForks=0; fair=false; array=0
Feb-09 11:54:44.958 [main] DEBUG nextflow.executor.ExecutorFactory - << taskConfig executor: null
Feb-09 11:54:44.958 [main] DEBUG nextflow.executor.ExecutorFactory - >> processorType: 'local'
Feb-09 11:54:44.958 [main] DEBUG nextflow.processor.TaskProcessor - Creating process 'main_unbequant:identification_via_comet:execute_percolator': maxForks=0; fair=false; array=0
Feb-09 11:54:44.964 [main] DEBUG nextflow.executor.ExecutorFactory - << taskConfig executor: null
Feb-09 11:54:44.964 [main] DEBUG nextflow.executor.ExecutorFactory - >> processorType: 'local'
Feb-09 11:54:44.965 [main] DEBUG nextflow.processor.TaskProcessor - Creating process 'main_unbequant:identification_via_comet:cutoff_identification_results': maxForks=0; fair=false; array=0
Feb-09 11:54:44.975 [main] DEBUG nextflow.executor.ExecutorFactory - << taskConfig executor: null
Feb-09 11:54:44.975 [main] DEBUG nextflow.executor.ExecutorFactory - >> processorType: 'local'
Feb-09 11:54:44.976 [main] DEBUG nextflow.processor.TaskProcessor - Creating process 'main_unbequant:summarize_ident_results:concat_to_single_identification_file': maxForks=0; fair=false; array=0
Feb-09 11:54:44.978 [main] DEBUG nextflow.executor.ExecutorFactory - << taskConfig executor: null
Feb-09 11:54:44.979 [main] DEBUG nextflow.executor.ExecutorFactory - >> processorType: 'local'
Feb-09 11:54:44.979 [main] DEBUG nextflow.processor.TaskProcessor - Creating process 'main_unbequant:summarize_ident_results:seperate_psms': maxForks=0; fair=false; array=0
Feb-09 11:54:44.985 [main] DEBUG nextflow.executor.ExecutorFactory - << taskConfig executor: null
Feb-09 11:54:44.985 [main] DEBUG nextflow.executor.ExecutorFactory - >> processorType: 'local'
Feb-09 11:54:44.985 [main] DEBUG nextflow.processor.TaskProcessor - Creating process 'main_unbequant:summarize_ident_results:create_heatmaps': maxForks=0; fair=false; array=0
Feb-09 11:54:44.989 [main] DEBUG nextflow.executor.ExecutorFactory - << taskConfig executor: null
Feb-09 11:54:44.989 [main] DEBUG nextflow.executor.ExecutorFactory - >> processorType: 'local'
Feb-09 11:54:44.989 [main] DEBUG nextflow.processor.TaskProcessor - Creating process 'main_unbequant:quantify_and_align:create_feature_xml': maxForks=0; fair=false; array=0
Feb-09 11:54:45.010 [main] DEBUG nextflow.executor.ExecutorFactory - << taskConfig executor: null
Feb-09 11:54:45.010 [main] DEBUG nextflow.executor.ExecutorFactory - >> processorType: 'local'
Feb-09 11:54:45.011 [main] DEBUG nextflow.processor.TaskProcessor - Creating process 'main_unbequant:quantify_and_align:match_feature_with_idents': maxForks=0; fair=false; array=0
Feb-09 11:54:45.016 [main] DEBUG nextflow.executor.ExecutorFactory - << taskConfig executor: null
Feb-09 11:54:45.017 [main] DEBUG nextflow.executor.ExecutorFactory - >> processorType: 'local'
Feb-09 11:54:45.017 [main] DEBUG nextflow.processor.TaskProcessor - Creating process 'main_unbequant:quantify_and_align:generate_queries_from_featurexmls': maxForks=0; fair=false; array=0
Feb-09 11:54:45.020 [main] DEBUG nextflow.executor.ExecutorFactory - << taskConfig executor: null
Feb-09 11:54:45.020 [main] DEBUG nextflow.executor.ExecutorFactory - >> processorType: 'local'
Feb-09 11:54:45.021 [main] DEBUG nextflow.processor.TaskProcessor - Creating process 'main_unbequant:quantify_and_align:retrieve_xics_from_raw_spectra': maxForks=0; fair=false; array=0
Feb-09 11:54:45.026 [main] DEBUG nextflow.executor.ExecutorFactory - << taskConfig executor: null
Feb-09 11:54:45.026 [main] DEBUG nextflow.executor.ExecutorFactory - >> processorType: 'local'
Feb-09 11:54:45.027 [main] DEBUG nextflow.processor.TaskProcessor - Creating process 'main_unbequant:quantify_and_align:extracted_xics_from_hdf5_to_tsv': maxForks=0; fair=false; array=0
Feb-09 11:54:45.031 [main] DEBUG nextflow.executor.ExecutorFactory - << taskConfig executor: null
Feb-09 11:54:45.032 [main] DEBUG nextflow.executor.ExecutorFactory - >> processorType: 'local'
Feb-09 11:54:45.032 [main] DEBUG nextflow.processor.TaskProcessor - Creating process 'main_unbequant:quantify_and_align:map_alignment_and_consensus_generation': maxForks=0; fair=false; array=0
Feb-09 11:54:45.039 [main] DEBUG nextflow.executor.ExecutorFactory - << taskConfig executor: null
Feb-09 11:54:45.039 [main] DEBUG nextflow.executor.ExecutorFactory - >> processorType: 'local'
Feb-09 11:54:45.040 [main] DEBUG nextflow.processor.TaskProcessor - Creating process 'main_unbequant:quantify_and_align:visualize_RT_transoformations': maxForks=0; fair=false; array=0
Feb-09 11:54:45.042 [main] DEBUG nextflow.executor.ExecutorFactory - << taskConfig executor: null
Feb-09 11:54:45.042 [main] DEBUG nextflow.executor.ExecutorFactory - >> processorType: 'local'
Feb-09 11:54:45.042 [main] DEBUG nextflow.processor.TaskProcessor - Creating process 'main_unbequant:quantify_and_align:generate_feature_ident_intesity_table': maxForks=0; fair=false; array=0
Feb-09 11:54:45.044 [main] DEBUG nextflow.executor.ExecutorFactory - << taskConfig executor: null
Feb-09 11:54:45.044 [main] DEBUG nextflow.executor.ExecutorFactory - >> processorType: 'local'
Feb-09 11:54:45.045 [main] DEBUG nextflow.processor.TaskProcessor - Creating process 'main_unbequant:quantify_and_align:generate_xlsx_reports_from_tables': maxForks=0; fair=false; array=0
Feb-09 11:54:45.047 [main] DEBUG nextflow.executor.ExecutorFactory - << taskConfig executor: null
Feb-09 11:54:45.047 [main] DEBUG nextflow.executor.ExecutorFactory - >> processorType: 'local'
Feb-09 11:54:45.048 [main] DEBUG nextflow.processor.TaskProcessor - Creating process 'main_unbequant:quantify_and_align:generate_plots_from_tables': maxForks=0; fair=false; array=0
Feb-09 11:54:45.055 [main] DEBUG nextflow.executor.ExecutorFactory - << taskConfig executor: null
Feb-09 11:54:45.055 [main] DEBUG nextflow.executor.ExecutorFactory - >> processorType: 'local'
Feb-09 11:54:45.056 [main] DEBUG nextflow.processor.TaskProcessor - Creating process 'main_unbequant:map_mzml_features:process_mzml_file': maxForks=0; fair=false; array=0
Feb-09 11:54:45.059 [main] DEBUG nextflow.executor.ExecutorFactory - << taskConfig executor: null
Feb-09 11:54:45.059 [main] DEBUG nextflow.executor.ExecutorFactory - >> processorType: 'local'
Feb-09 11:54:45.059 [main] DEBUG nextflow.processor.TaskProcessor - Creating process 'main_unbequant:map_mzml_features:create_heatmap_image': maxForks=0; fair=false; array=0
Feb-09 11:54:45.063 [main] DEBUG nextflow.executor.ExecutorFactory - << taskConfig executor: null
Feb-09 11:54:45.063 [main] DEBUG nextflow.executor.ExecutorFactory - >> processorType: 'local'
Feb-09 11:54:45.063 [main] DEBUG nextflow.processor.TaskProcessor - Creating process 'main_unbequant:map_mzml_features:extract_feature_data': maxForks=0; fair=false; array=0
Feb-09 11:54:45.071 [main] DEBUG nextflow.executor.ExecutorFactory - << taskConfig executor: null
Feb-09 11:54:45.071 [main] DEBUG nextflow.executor.ExecutorFactory - >> processorType: 'local'
Feb-09 11:54:45.071 [main] DEBUG nextflow.processor.TaskProcessor - Creating process 'main_unbequant:map_mzml_features:pair_features': maxForks=0; fair=false; array=0
Feb-09 11:54:45.074 [main] DEBUG nextflow.executor.ExecutorFactory - << taskConfig executor: null
Feb-09 11:54:45.074 [main] DEBUG nextflow.executor.ExecutorFactory - >> processorType: 'local'
Feb-09 11:54:45.075 [main] DEBUG nextflow.processor.TaskProcessor - Creating process 'main_unbequant:map_mzml_features:feature_pairing_report': maxForks=0; fair=false; array=0
Feb-09 11:54:45.081 [main] DEBUG nextflow.Session - Workflow process names [dsl2]: generate_feature_ident_intesity_table, visualize_xics_via_plotly, main_unbequant:convert_to_mgf:convert_raw_via_thermorawfileparser, match_feature_with_idents, main_unbequant:quantify_and_align:extracted_xics_from_hdf5_to_tsv, main_unbequant:quantify_and_align:visualize_RT_transoformations, retrieve_xics_from_raw_spectra, cutoff_identification_results, extract_feature_data, comet_search_mgf, main_unbequant:quantify_and_align:generate_queries_from_featurexmls, create_heatmap_image, execute_percolator, main_unbequant:quantify_and_align:match_feature_with_idents, process_mzml_file, main_unbequant:quantify_and_align:generate_plots_from_tables, main_unbequant:map_mzml_features:create_heatmap_image, main_unbequant:convert_to_mgf:convert_d_via_alphatims, main_unbequant:summarize_ident_results:seperate_psms, main_unbequant:summarize_ident_results:create_heatmaps, visualize_RT_transoformations, pair_features, main_unbequant:identification_via_comet:cutoff_identification_results, generate_plots_from_tables, main_unbequant:identification_via_comet:execute_percolator, generate_queries_from_featurexmls, map_alignment_and_consensus_generation, convert_d_via_alphatims, main_unbequant:convert_to_mzml:convert_d_via_tdf2mzml, feature_pairing_report, main_unbequant:quantify_and_align:generate_feature_ident_intesity_table, main_unbequant:identification_via_comet:comet_search_mgf, main_unbequant:quantify_and_align:create_feature_xml, extracted_xics_from_hdf5_to_tsv, main_unbequant:convert_to_mzml:convert_raw_via_thermorawfileparser, concat_to_single_identification_file, generate_xlsx_reports_from_tables, convert_d_via_tdf2mzml, convert_raw_via_thermorawfileparser, main_unbequant:map_mzml_features:process_mzml_file, main_unbequant:map_mzml_features:extract_feature_data, seperate_psms, create_heatmaps, main_unbequant:summarize_ident_results:concat_to_single_identification_file, create_feature_xml, main_unbequant:map_mzml_features:pair_features, main_unbequant:quantify_and_align:map_alignment_and_consensus_generation, main_unbequant:map_mzml_features:feature_pairing_report, main_unbequant:quantify_and_align:retrieve_xics_from_raw_spectra, main_unbequant:quantify_and_align:generate_xlsx_reports_from_tables
Feb-09 11:54:45.083 [main] DEBUG nextflow.Session - Igniting dataflow network (32)
Feb-09 11:54:45.090 [PathVisitor-3] DEBUG nextflow.file.PathVisitor - files for syntax: glob; folder: /workspaces/unbeQuant/files/raws/; pattern: *.d; options: [type:dir]
Feb-09 11:54:45.090 [PathVisitor-2] DEBUG nextflow.file.PathVisitor - files for syntax: glob; folder: /workspaces/unbeQuant/files/raws/; pattern: *.raw; options: [:]
Feb-09 11:54:45.091 [main] DEBUG nextflow.processor.TaskProcessor - Starting process > main_unbequant:convert_to_mgf:convert_raw_via_thermorawfileparser
Feb-09 11:54:45.091 [main] DEBUG nextflow.processor.TaskProcessor - Starting process > main_unbequant:convert_to_mgf:convert_d_via_alphatims
Feb-09 11:54:45.092 [main] DEBUG nextflow.processor.TaskProcessor - Starting process > main_unbequant:convert_to_mzml:convert_raw_via_thermorawfileparser
Feb-09 11:54:45.092 [main] DEBUG nextflow.processor.TaskProcessor - Starting process > main_unbequant:convert_to_mzml:convert_d_via_tdf2mzml
Feb-09 11:54:45.092 [main] DEBUG nextflow.processor.TaskProcessor - Starting process > main_unbequant:identification_via_comet:comet_search_mgf
Feb-09 11:54:45.092 [main] DEBUG nextflow.processor.TaskProcessor - Starting process > main_unbequant:identification_via_comet:execute_percolator
Feb-09 11:54:45.092 [main] DEBUG nextflow.processor.TaskProcessor - Starting process > main_unbequant:identification_via_comet:cutoff_identification_results
Feb-09 11:54:45.092 [main] DEBUG nextflow.processor.TaskProcessor - Starting process > main_unbequant:summarize_ident_results:concat_to_single_identification_file
Feb-09 11:54:45.092 [main] DEBUG nextflow.processor.TaskProcessor - Starting process > main_unbequant:summarize_ident_results:seperate_psms
Feb-09 11:54:45.093 [main] DEBUG nextflow.processor.TaskProcessor - Starting process > main_unbequant:summarize_ident_results:create_heatmaps
Feb-09 11:54:45.093 [main] DEBUG nextflow.processor.TaskProcessor - Starting process > main_unbequant:quantify_and_align:create_feature_xml
Feb-09 11:54:45.093 [main] DEBUG nextflow.processor.TaskProcessor - Starting process > main_unbequant:quantify_and_align:match_feature_with_idents
Feb-09 11:54:45.093 [PathVisitor-3] DEBUG nextflow.file.PathVisitor - No such file or directory: /workspaces/unbeQuant/files/raws/ -- Skipping visit
Feb-09 11:54:45.093 [PathVisitor-2] DEBUG nextflow.file.PathVisitor - No such file or directory: /workspaces/unbeQuant/files/raws/ -- Skipping visit
Feb-09 11:54:45.093 [main] DEBUG nextflow.processor.TaskProcessor - Starting process > main_unbequant:quantify_and_align:generate_queries_from_featurexmls
Feb-09 11:54:45.093 [main] DEBUG nextflow.processor.TaskProcessor - Starting process > main_unbequant:quantify_and_align:retrieve_xics_from_raw_spectra
Feb-09 11:54:45.093 [main] DEBUG nextflow.processor.TaskProcessor - Starting process > main_unbequant:quantify_and_align:extracted_xics_from_hdf5_to_tsv
Feb-09 11:54:45.094 [main] DEBUG nextflow.processor.TaskProcessor - Starting process > main_unbequant:quantify_and_align:map_alignment_and_consensus_generation
Feb-09 11:54:45.094 [main] DEBUG nextflow.processor.TaskProcessor - Starting process > main_unbequant:quantify_and_align:visualize_RT_transoformations
Feb-09 11:54:45.094 [main] DEBUG nextflow.processor.TaskProcessor - Starting process > main_unbequant:quantify_and_align:generate_feature_ident_intesity_table
Feb-09 11:54:45.094 [main] DEBUG nextflow.processor.TaskProcessor - Starting process > main_unbequant:quantify_and_align:generate_xlsx_reports_from_tables
Feb-09 11:54:45.095 [main] DEBUG nextflow.processor.TaskProcessor - Starting process > main_unbequant:quantify_and_align:generate_plots_from_tables
Feb-09 11:54:45.095 [main] DEBUG nextflow.processor.TaskProcessor - Starting process > main_unbequant:map_mzml_features:process_mzml_file
Feb-09 11:54:45.095 [main] DEBUG nextflow.processor.TaskProcessor - Starting process > main_unbequant:map_mzml_features:create_heatmap_image
Feb-09 11:54:45.095 [main] DEBUG nextflow.processor.TaskProcessor - Starting process > main_unbequant:map_mzml_features:extract_feature_data
Feb-09 11:54:45.096 [PathVisitor-2] DEBUG nextflow.file.PathVisitor - files for syntax: glob; folder: /workspaces/unbeQuant/results/mgfs_mzmls/; pattern: *.mzML; options: [:]
Feb-09 11:54:45.096 [PathVisitor-3] DEBUG nextflow.file.PathVisitor - files for syntax: glob; folder: /workspaces/unbeQuant/results/quantifications/features_with_annotated_identifications/; pattern: *.tsv; options: [:]
Feb-09 11:54:45.096 [main] DEBUG nextflow.processor.TaskProcessor - Starting process > main_unbequant:map_mzml_features:pair_features
Feb-09 11:54:45.096 [main] DEBUG nextflow.processor.TaskProcessor - Starting process > main_unbequant:map_mzml_features:feature_pairing_report
Feb-09 11:54:45.096 [PathVisitor-3] DEBUG nextflow.file.PathVisitor - No such file or directory: /workspaces/unbeQuant/results/quantifications/features_with_annotated_identifications/ -- Skipping visit
Feb-09 11:54:45.097 [main] DEBUG nextflow.script.ScriptRunner - Parsed script files:
  Script_a69ec2340b894aef: /workspaces/unbeQuant/ProGFASTAGen/summarize_ident_results.nf
  Script_2a4e3d01072ec6e1: /workspaces/unbeQuant/xic-extractor/main.nf
  Script_4a83778bce6b38b4: /workspaces/unbeQuant/main_unbequant.nf
  Script_907543cbf4ed23ec: /workspaces/unbeQuant/map_mzml_features.nf
  Script_2a2e1821ceacd5ec: /workspaces/unbeQuant/quantify_and_align.nf
  Script_3af03b55a4ed9741: /workspaces/unbeQuant/ProGFASTAGen/convert_to_mgf.nf
  Script_3f67a3d59f96c844: /workspaces/unbeQuant/ProGFASTAGen/identification_via_comet.nf
  Script_ac98ee836d6d0000: /workspaces/unbeQuant/ProGFASTAGen/convert_to_mzml.nf
Feb-09 11:54:45.097 [main] DEBUG nextflow.script.ScriptRunner - > Awaiting termination 
Feb-09 11:54:45.097 [main] DEBUG nextflow.Session - Session await
Feb-09 11:54:45.107 [main] DEBUG nextflow.Session - Session await > all processes finished
Feb-09 11:54:45.152 [Task monitor] DEBUG n.processor.TaskPollingMonitor - <<< barrier arrives (monitor: local) - terminating tasks monitor poll loop
Feb-09 11:54:45.153 [main] DEBUG nextflow.Session - Session await > all barriers passed
Feb-09 11:54:45.158 [main] DEBUG n.trace.WorkflowStatsObserver - Workflow completed > WorkflowStats[succeededCount=0; failedCount=0; ignoredCount=0; cachedCount=0; pendingCount=0; submittedCount=0; runningCount=0; retriesCount=0; abortedCount=0; succeedDuration=0ms; failedDuration=0ms; cachedDuration=0ms;loadCpus=0; loadMemory=0; peakRunning=0; peakCpus=0; peakMemory=0; ]
Feb-09 11:54:45.301 [main] DEBUG nextflow.cache.CacheDB - Closing CacheDB done
Feb-09 11:54:45.349 [main] DEBUG nextflow.util.ThreadPoolManager - Thread pool 'FileTransfer' shutdown completed (hard=false)
Feb-09 11:54:45.350 [main] DEBUG nextflow.script.ScriptRunner - > Execution complete -- Goodbye
